<?xml version="1.0" encoding="UTF-8"?>
<!-- Generated by org.testng.reporters.JUnitReportReporter -->
<testsuite hostname="LAPTOP-IOBU0KIJ" failures="0" tests="2" name="testcases.TC005_TestToVerifyUpdatePetwithValidData" time="2.807" errors="0" timestamp="2024-09-09T19:39:22 AEST" skipped="0">
  <testcase classname="testcases.TC005_TestToVerifyUpdatePetwithValidData" name="updatePet_ValidData" time="1.215"/>
  <system-out/>
  <testcase classname="testcases.TC005_TestToVerifyUpdatePetwithValidData" name="updatePet_ValidData" time="1.592"/>
  <system-out/>
</testsuite> <!-- testcases.TC005_TestToVerifyUpdatePetwithValidData -->
