<?xml version="1.0" encoding="UTF-8"?>
<!-- Generated by org.testng.reporters.JUnitReportReporter -->
<testsuite hostname="LAPTOP-IOBU0KIJ" failures="0" tests="2" name="testcases.TC003_TestToVerifyGetPetwithValidData" time="3.721" errors="0" timestamp="2024-09-09T19:39:22 AEST" skipped="0">
  <testcase classname="testcases.TC003_TestToVerifyGetPetwithValidData" name="getPet_ValidId" time="1.838"/>
  <system-out/>
  <testcase classname="testcases.TC003_TestToVerifyGetPetwithValidData" name="getPet_ValidId" time="1.883"/>
  <system-out/>
</testsuite> <!-- testcases.TC003_TestToVerifyGetPetwithValidData -->
