<?xml version="1.0" encoding="UTF-8"?>
<!-- Generated by org.testng.reporters.JUnitReportReporter -->
<testsuite hostname="LAPTOP-IOBU0KIJ" failures="0" tests="9" name="testcases.PetStoresTest" time="12.576" errors="0" timestamp="2024-09-09T17:08:53 AEST" skipped="0">
  <testcase classname="testcases.PetStoresTest" name="createPetTest" time="1.170"/>
  <system-out/>
  <testcase classname="testcases.PetStoresTest" name="createPetTest" time="1.189"/>
  <system-out/>
  <testcase classname="testcases.PetStoresTest" name="createPetTest" time="3.192"/>
  <system-out/>
  <testcase classname="testcases.PetStoresTest" name="getPetTest" time="1.153"/>
  <system-out/>
  <testcase classname="testcases.PetStoresTest" name="getPetTest" time="1.182"/>
  <system-out/>
  <testcase classname="testcases.PetStoresTest" name="updatePetTest" time="1.178"/>
  <system-out/>
  <testcase classname="testcases.PetStoresTest" name="updatePetTest" time="1.186"/>
  <system-out/>
  <testcase classname="testcases.PetStoresTest" name="deletePetTest" time="1.158"/>
  <system-out/>
  <testcase classname="testcases.PetStoresTest" name="deletePetTest" time="1.168"/>
  <system-out/>
</testsuite> <!-- testcases.PetStoresTest -->
