<?xml version="1.0" encoding="UTF-8"?>
<!-- Generated by org.testng.reporters.JUnitReportReporter -->
<testsuite hostname="LAPTOP-IOBU0KIJ" failures="0" tests="3" name="testcases.TC001_TestToVerifyCreatePetwithValidData" time="8.460" errors="0" timestamp="2024-09-09T19:39:22 AEST" skipped="0">
  <testcase classname="testcases.TC001_TestToVerifyCreatePetwithValidData" name="createPet_ValidData" time="1.690"/>
  <system-out/>
  <testcase classname="testcases.TC001_TestToVerifyCreatePetwithValidData" name="createPet_ValidData" time="2.090"/>
  <system-out/>
  <testcase classname="testcases.TC001_TestToVerifyCreatePetwithValidData" name="createPet_ValidData" time="4.680"/>
  <system-out/>
</testsuite> <!-- testcases.TC001_TestToVerifyCreatePetwithValidData -->
