<?xml version="1.0" encoding="UTF-8"?>
<!-- Generated by org.testng.reporters.JUnitReportReporter -->
<testsuite hostname="LAPTOP-IOBU0KIJ" failures="0" tests="1" name="testcases.TC007_TestToVerifyDeletePetwithInvalidData" time="2.112" errors="0" timestamp="2024-09-09T19:39:22 AEST" skipped="0">
  <testcase classname="testcases.TC007_TestToVerifyDeletePetwithInvalidData" name="deletePet_InvalidId" time="2.112"/>
  <system-out/>
</testsuite> <!-- testcases.TC007_TestToVerifyDeletePetwithInvalidData -->
