<?xml version="1.0" encoding="UTF-8"?>
<!-- Generated by org.testng.reporters.JUnitReportReporter -->
<testsuite hostname="LAPTOP-IOBU0KIJ" failures="0" tests="1" name="testcases.TC004_TestToVerifyGetPetwithInValidData" time="1.249" errors="0" timestamp="2024-09-09T19:39:22 AEST" skipped="0">
  <testcase classname="testcases.TC004_TestToVerifyGetPetwithInValidData" name="getPet_InvalidId" time="1.249"/>
  <system-out/>
</testsuite> <!-- testcases.TC004_TestToVerifyGetPetwithInValidData -->
