<?xml version="1.0" encoding="UTF-8"?>
<!-- Generated by org.testng.reporters.JUnitReportReporter -->
<testsuite hostname="LAPTOP-IOBU0KIJ" failures="0" tests="1" name="testcases.TC002_TestToVerifyCreatePetwithMissingRequiredFields" time="2.298" errors="0" timestamp="2024-09-09T21:08:26 AEST" skipped="0">
  <testcase classname="testcases.TC002_TestToVerifyCreatePetwithMissingRequiredFields" name="createPet_MissingRequiredFields" time="2.298"/>
  <system-out/>
</testsuite> <!-- testcases.TC002_TestToVerifyCreatePetwithMissingRequiredFields -->
