<?xml version="1.0" encoding="UTF-8"?>
<!-- Generated by org.testng.reporters.JUnitReportReporter -->
<testsuite hostname="LAPTOP-IOBU0KIJ" failures="0" tests="1" name="testcases.TC004_TestToVerifyGetPetwithInValidData" time="2.818" errors="0" timestamp="2024-09-09T21:08:26 AEST" skipped="0">
  <testcase classname="testcases.TC004_TestToVerifyGetPetwithInValidData" name="getPet_InvalidId" time="2.818"/>
  <system-out/>
</testsuite> <!-- testcases.TC004_TestToVerifyGetPetwithInValidData -->
