<?xml version="1.0" encoding="UTF-8"?>
<!-- Generated by org.testng.reporters.JUnitReportReporter -->
<testsuite hostname="LAPTOP-IOBU0KIJ" failures="0" tests="3" name="testcases.TC001_TestToVerifyCreatePetwithValidData" time="9.057" errors="0" timestamp="2024-09-09T21:08:26 AEST" skipped="0">
  <testcase classname="testcases.TC001_TestToVerifyCreatePetwithValidData" name="createPet_ValidData" time="1.870"/>
  <system-out/>
  <testcase classname="testcases.TC001_TestToVerifyCreatePetwithValidData" name="createPet_ValidData" time="5.046"/>
  <system-out/>
  <testcase classname="testcases.TC001_TestToVerifyCreatePetwithValidData" name="createPet_ValidData" time="2.141"/>
  <system-out/>
</testsuite> <!-- testcases.TC001_TestToVerifyCreatePetwithValidData -->
