<?xml version="1.0" encoding="UTF-8"?>
<!-- Generated by org.testng.reporters.JUnitReportReporter -->
<testsuite hostname="LAPTOP-IOBU0KIJ" failures="0" tests="2" name="testcases.TC006_TestToVerifyDeletePetwithValidData" time="3.509" errors="0" timestamp="2024-09-09T21:08:26 AEST" skipped="0">
  <testcase classname="testcases.TC006_TestToVerifyDeletePetwithValidData" name="deletePet_ValidId" time="1.743"/>
  <system-out/>
  <testcase classname="testcases.TC006_TestToVerifyDeletePetwithValidData" name="deletePet_ValidId" time="1.766"/>
  <system-out/>
</testsuite> <!-- testcases.TC006_TestToVerifyDeletePetwithValidData -->
