<?xml version="1.0" encoding="UTF-8"?>
<!-- Generated by org.testng.reporters.JUnitReportReporter -->
<testsuite hostname="LAPTOP-IOBU0KIJ" failures="0" tests="2" name="testcases.TC005_TestToVerifyUpdatePetwithValidData" time="4.186" errors="0" timestamp="2024-09-09T21:08:26 AEST" skipped="0">
  <testcase classname="testcases.TC005_TestToVerifyUpdatePetwithValidData" name="updatePet_ValidData" time="2.198"/>
  <system-out/>
  <testcase classname="testcases.TC005_TestToVerifyUpdatePetwithValidData" name="updatePet_ValidData" time="1.988"/>
  <system-out/>
</testsuite> <!-- testcases.TC005_TestToVerifyUpdatePetwithValidData -->
