<?xml version="1.0" encoding="UTF-8"?>
<!-- Generated by org.testng.reporters.JUnitReportReporter -->
<testsuite hostname="LAPTOP-IOBU0KIJ" failures="0" tests="1" name="testcases.TC008_TestToVerifyCreatePetwithIncorrectJsonFormat" time="2.242" errors="0" timestamp="2024-09-09T21:08:26 AEST" skipped="0">
  <testcase classname="testcases.TC008_TestToVerifyCreatePetwithIncorrectJsonFormat" name="createPet_IncorrectJSONFormat" time="2.242"/>
  <system-out/>
</testsuite> <!-- testcases.TC008_TestToVerifyCreatePetwithIncorrectJsonFormat -->
